Dec 18 13:52 : state_file: Unrecognized line in state file: ## Copyright (C) 2020-2021 Aditya Shakya <adi1090x@gmail.com>
Dec 18 13:52 : state_file: Unrecognized line in state file: ## Everyone is permitted to copy and distribute copies of this file under GNU-GPL3
Dec 18 13:52 : state_file: Unrecognized line in state file:
Dec 18 13:52 : avahi: Service 'Music Player @ archcraft' successfully established.
Dec 18 19:11 : player: played "NEFFEX - Grateful [Copyright Free].mp3"
Dec 18 19:12 : update: added /Culture Code - Make Me Move (feat. Karra) [NCS Release].mp3
Dec 18 19:12 : update: added /N3WPORT - Power (feat. braev) [NCS Release].mp3
Dec 18 19:12 : update: added /Cartoon - On & On (feat. Daniel Levi) [NCS Release].mp3
Dec 18 19:12 : update: added /NEFFEX - Grateful [Copyright Free].mp3
Dec 18 19:12 : update: added /Janji - Heroes Tonight (feat. Johnning) [NCS Release].mp3
Dec 18 19:28 : player: played "NEFFEX - Grateful [Copyright Free].mp3"
Dec 18 19:30 : player: played "NEFFEX - Grateful [Copyright Free].mp3"
Dec 18 19:37 : player: played "NEFFEX - Grateful [Copyright Free].mp3"
Dec 18 19:44 : player: played "NEFFEX - Grateful [Copyright Free].mp3"
Dec 18 19:47 : player: played "NEFFEX - Grateful [Copyright Free].mp3"
Dec 18 19:49 : player: played "NEFFEX - Grateful [Copyright Free].mp3"
Dec 18 19:52 : player: played "NEFFEX - Grateful [Copyright Free].mp3"
Dec 18 19:54 : player: played "NEFFEX - Grateful [Copyright Free].mp3"
Dec 18 20:10 : player: played "NEFFEX - Grateful [Copyright Free].mp3"
Dec 18 20:12 : player: played "NEFFEX - Grateful [Copyright Free].mp3"
